Arguments: 
  C:\Program Files\nodejs\node.exe C:\Users\marcd\AppData\Roaming\npm\node_modules\yarn\bin\yarn.js init

PATH: 
  C:\Program Files\Java\jdk-10.0.2\bin;C:\Program Files (x86)\Common Files\Oracle\Java\javapath;C:\Program Files (x86)\Intel\iCLS Client\;C:\Program Files\Intel\iCLS Client\;C:\Windows\system32;C:\Windows;C:\Windows\System32\Wbem;C:\Windows\System32\WindowsPowerShell\v1.0\;C:\Program Files (x86)\NVIDIA Corporation\PhysX\Common;C:\Program Files (x86)\Intel\Intel(R) Management Engine Components\DAL;C:\Program Files\Intel\Intel(R) Management Engine Components\DAL;C:\Program Files (x86)\Intel\Intel(R) Management Engine Components\IPT;C:\Program Files\Intel\Intel(R) Management Engine Components\IPT;C:\WINDOWS\system32;C:\WINDOWS;C:\WINDOWS\System32\Wbem;C:\WINDOWS\System32\WindowsPowerShell\v1.0\;C:\WINDOWS\System32\OpenSSH\;C:\Program Files\Microsoft SQL Server\Client SDK\ODBC\110\Tools\Binn\;C:\Program Files (x86)\Microsoft SQL Server\120\Tools\Binn\;C:\Program Files\Microsoft SQL Server\120\Tools\Binn\;C:\Program Files\Microsoft SQL Server\120\DTS\Binn\;C:\Program Files (x86)\Windows Kits\8.1\Windows Performance Toolkit\;C:\Users\marcd\AppData\Local\Programs\Python\Python37-32\Scripts;C:\Users\marcd\AppData\Local\Programs\Python\Python37-32;C:\Users\marcd\College\cs1331\checkstyle;C:\Program Files\Git\cmd;C:\Program Files\Oracle\VirtualBox;C:\Program Files\nodejs\;C:\Program Files\PuTTY\;C:\Users\marcd\AppData\Local\Microsoft\WindowsApps;C:\Users\marcd\AppData\Local\GitHubDesktop\bin;C:\Users\marcd\AppData\Local\Microsoft\WindowsApps;;C:\Users\marcd\Downloads;C:\Users\marcd\Downloads;C:\College\cs1331\checkstyle;C:\Users\marcd\College\cs1331\checkstyle;C:\Users\marcd\AppData\Roaming\npm;C:\Users\marcd\AppData\Local\Programs\Microsoft VS Code\bin;C:\Program Files\heroku\bin

Yarn version: 
  1.13.0

Node version: 
  10.14.2

Platform: 
  win32 x64

Trace: 
  Error: canceled
      at Interface.<anonymous> (C:\Users\marcd\AppData\Roaming\npm\node_modules\yarn\lib\cli.js:125657:13)
      at Interface.emit (events.js:182:13)
      at Interface._ttyWrite (readline.js:783:16)
      at ReadStream.onkeypress (readline.js:168:10)
      at ReadStream.emit (events.js:182:13)
      at emitKeys (internal/readline.js:424:14)
      at emitKeys.next (<anonymous>)
      at ReadStream.onData (readline.js:1022:36)
      at ReadStream.emit (events.js:182:13)
      at addChunk (_stream_readable.js:283:12)

npm manifest: 
  {
    "name": "ape-racer",
    "version": "1.0.0",
    "description": "Ape typing game",
    "main": "app.js",
    "scripts": {
      "test": "echo \"Error: no test specified\" && exit 1",
      "start": "node app.js"
    },
    "repository": {
      "type": "git",
      "url": "git+https://github.com/mdmarshmallow/ape-racer.git"
    },
    "author": "Marc D'Mello",
    "license": "ISC",
    "bugs": {
      "url": "https://github.com/mdmarshmallow/ape-racer/issues"
    },
    "homepage": "https://github.com/mdmarshmallow/ape-racer#readme",
    "dependencies": {
      "body-parser": "^1.18.3",
      "colyseus": "^0.9.31",
      "express": "^4.16.4",
      "express-handlebars": "^3.0.0",
      "express-session": "^1.15.6",
      "firebase-admin": "^7.1.0",
      "request": "^2.88.0",
      "wikijs": "^4.13.0"
    },
    "devDependencies": {
      "nodemon": "^1.18.9"
    },
    "engines" : { 
      "node" : "10.14.2" 
    }
  }

yarn manifest: 
  No manifest

Lockfile: 
  No lockfile
